<?xml version="1.0" encoding="UTF-8"?>
<testsuites name="Aurialis Backend E2E" tests="35" time="5.279">
  <testsuite name="PR Suite / Health / TS-001: Health Check" id="cb0df833-46c5-4ebb-be42-90c0ab73bf47" timestamp="2026-05-19T22:21:56.464Z" tests="5" failures="1" errors="0" time="2.641">
    <testcase name="TS-001: status is 200" time="2.641" classname="PrSuiteHealthTs001HealthCheck"/>
    <testcase name="TS-001: response time &lt; 2000 ms" time="2.641" classname="PrSuiteHealthTs001HealthCheck">
      <failure type="AssertionFailure" message="expected 2641 to be below 2000">
        <![CDATA[Failed 1 times.]]>
        <![CDATA[Collection JSON ID: aurialis-backend-e2e.]]>
        <![CDATA[Collection name: Aurialis Backend E2E.]]>
        <![CDATA[Request name: PR Suite / Health / TS-001: Health Check.]]>
        <![CDATA[Test description: TS-001: response time < 2000 ms.]]>
        <![CDATA[Error message: expected 2641 to be below 2000.]]>
        <![CDATA[Stacktrace: AssertionError: expected 2641 to be below 2000
   at Object.eval sandbox-script.js:2:1).]]>
      </failure>
    </testcase>
    <testcase name="TS-001: status field is ok" time="2.641" classname="PrSuiteHealthTs001HealthCheck"/>
    <testcase name="TS-001: gpu is boolean" time="2.641" classname="PrSuiteHealthTs001HealthCheck"/>
    <testcase name="TS-001: models is array" time="2.641" classname="PrSuiteHealthTs001HealthCheck"/>
  </testsuite>
  <testsuite name="PR Suite / Happy Path / TS-002: Separate Enqueue" id="fb577738-419f-478f-bdba-0b0f15bbab5f" timestamp="2026-05-19T22:21:56.464Z" tests="3" failures="0" errors="0" time="0.021">
    <testcase name="TS-002: status is 200" time="0.021" classname="PrSuiteHappyPathTs002SeparateEnqueue"/>
    <testcase name="TS-002: has job_id (UUID)" time="0.021" classname="PrSuiteHappyPathTs002SeparateEnqueue"/>
    <testcase name="TS-002: status is queued or processing" time="0.021" classname="PrSuiteHappyPathTs002SeparateEnqueue"/>
  </testsuite>
  <testsuite name="PR Suite / Happy Path / TS-002: Separation Job Status" id="1d03b53c-792d-4bd0-87c8-d2ab8c12b6dd" timestamp="2026-05-19T22:21:56.464Z" tests="3" failures="0" errors="0" time="0.005">
    <testcase name="TS-002: status is 200" time="0.005" classname="PrSuiteHappyPathTs002SeparationJobStatus"/>
    <testcase name="TS-002: schema has expected fields" time="0.005" classname="PrSuiteHappyPathTs002SeparationJobStatus"/>
    <testcase name="TS-002: model echoed back" time="0.005" classname="PrSuiteHappyPathTs002SeparationJobStatus"/>
  </testsuite>
  <testsuite name="PR Suite / Happy Path / TS-003: Deep Analyze Enqueue" id="ddf65974-1897-4616-9f3c-244b4d3cbb80" timestamp="2026-05-19T22:21:56.464Z" tests="2" failures="0" errors="0" time="0.013">
    <testcase name="TS-003: status is 200" time="0.013" classname="PrSuiteHappyPathTs003DeepAnalyzeEnqueue"/>
    <testcase name="TS-003: has job_id (UUID)" time="0.013" classname="PrSuiteHappyPathTs003DeepAnalyzeEnqueue"/>
  </testsuite>
  <testsuite name="PR Suite / Happy Path / TS-003: Poll Status" id="29eb106e-48b3-446c-b403-ca1abdae3b42" timestamp="2026-05-19T22:21:56.464Z" tests="1" failures="0" errors="0" time="0.042">
    <testcase name="TS-003 poll: status is 200" time="0.007" classname="PrSuiteHappyPathTs003PollStatus"/>
  </testsuite>
  <testsuite name="PR Suite / Happy Path / TS-003: Get Result" id="83e66906-2659-45cf-ab10-e2b64985413d" timestamp="2026-05-19T22:21:56.464Z" tests="3" failures="0" errors="0" time="0.008">
    <testcase name="TS-003: result status is 200" time="0.008" classname="PrSuiteHappyPathTs003GetResult"/>
    <testcase name="TS-003: sections array non-empty" time="0.008" classname="PrSuiteHappyPathTs003GetResult"/>
    <testcase name="TS-003: script object present" time="0.008" classname="PrSuiteHappyPathTs003GetResult"/>
  </testsuite>
  <testsuite name="PR Suite / Happy Path / TS-003: Bogus Job 404" id="aa8244de-3821-4ad7-bfef-6f9f3c9a08a6" timestamp="2026-05-19T22:21:56.464Z" tests="2" failures="0" errors="0" time="0.006">
    <testcase name="TS-003: bogus job returns 404" time="0.006" classname="PrSuiteHappyPathTs003BogusJob404"/>
    <testcase name="TS-003: detail mentions Job not found" time="0.006" classname="PrSuiteHappyPathTs003BogusJob404"/>
  </testsuite>
  <testsuite name="PR Suite / Happy Path / TS-004: Cancel Enqueue" id="0fccf5c9-e531-415c-a8df-040a3618f8f7" timestamp="2026-05-19T22:21:56.464Z" tests="1" failures="0" errors="0" time="0.017">
    <testcase name="TS-004: enqueue 200" time="0.017" classname="PrSuiteHappyPathTs004CancelEnqueue"/>
  </testsuite>
  <testsuite name="PR Suite / Happy Path / TS-004: Cancel Job" id="ce084ac8-1f98-4fb7-9a9d-431fad8de75f" timestamp="2026-05-19T22:21:56.464Z" tests="3" failures="0" errors="0" time="0.008">
    <testcase name="TS-004: cancel 200" time="0.008" classname="PrSuiteHappyPathTs004CancelJob"/>
    <testcase name="TS-004: cancelled flag" time="0.008" classname="PrSuiteHappyPathTs004CancelJob"/>
    <testcase name="TS-004: returns job_id" time="0.008" classname="PrSuiteHappyPathTs004CancelJob"/>
  </testsuite>
  <testsuite name="PR Suite / Happy Path / TS-004: Cancel Idempotent" id="f53f084e-3ae0-42bc-9425-cffe8e97e671" timestamp="2026-05-19T22:21:56.464Z" tests="2" failures="0" errors="0" time="0.021">
    <testcase name="TS-004: idempotent 200" time="0.021" classname="PrSuiteHappyPathTs004CancelIdempotent"/>
    <testcase name="TS-004: idempotent returns valid response" time="0.021" classname="PrSuiteHappyPathTs004CancelIdempotent"/>
  </testsuite>
  <testsuite name="PR Suite / Audio Edge Cases / TS-005: Tiny WAV" id="2b3efd9d-dde4-4599-967f-92f82264eb42" timestamp="2026-05-19T22:21:56.464Z" tests="2" failures="0" errors="0" time="0.013">
    <testcase name="TS-005 tiny: 200 OR clean 4xx (NOT 5xx)" time="0.013" classname="PrSuiteAudioEdgeCasesTs005TinyWav"/>
    <testcase name="TS-005 tiny: 200 or 400" time="0.013" classname="PrSuiteAudioEdgeCasesTs005TinyWav"/>
  </testsuite>
  <testsuite name="PR Suite / Audio Edge Cases / TS-005: Mono 8 kHz" id="05d0561b-93c6-4cdf-b509-00ddafe86c85" timestamp="2026-05-19T22:21:56.464Z" tests="2" failures="0" errors="0" time="0.008">
    <testcase name="TS-005 mono 8 kHz: enqueue 200" time="0.008" classname="PrSuiteAudioEdgeCasesTs005Mono8KHz"/>
    <testcase name="TS-005 mono 8 kHz: returns job_id" time="0.008" classname="PrSuiteAudioEdgeCasesTs005Mono8KHz"/>
  </testsuite>
  <testsuite name="PR Suite / Audio Edge Cases / TS-005: Mono 96 kHz" id="55d872a2-66ac-4260-883a-56f474dc8ca5" timestamp="2026-05-19T22:21:56.464Z" tests="2" failures="0" errors="0" time="0.013">
    <testcase name="TS-005 mono 96 kHz: enqueue 200" time="0.013" classname="PrSuiteAudioEdgeCasesTs005Mono96KHz"/>
    <testcase name="TS-005 mono 96 kHz: returns job_id" time="0.013" classname="PrSuiteAudioEdgeCasesTs005Mono96KHz"/>
  </testsuite>
  <testsuite name="PR Suite / Audio Edge Cases / TS-008: Corrupted WAV Header" id="9ed59a65-6f5b-4f4d-9d5d-4d59dbdde952" timestamp="2026-05-19T22:21:56.464Z" tests="2" failures="0" errors="0" time="0.141">
    <testcase name="TS-008: corrupted WAV is rejected with 400" time="0.141" classname="PrSuiteAudioEdgeCasesTs008CorruptedWavHeader"/>
    <testcase name="TS-008: detail mentions audio" time="0.141" classname="PrSuiteAudioEdgeCasesTs008CorruptedWavHeader"/>
  </testsuite>
  <testsuite name="PR Suite / Security / TS-006: Reject PDF on /separate" id="9f916ac6-b883-46db-ba86-18a6641dea12" timestamp="2026-05-19T22:21:56.464Z" tests="2" failures="0" errors="0" time="0.008">
    <testcase name="TS-006: PDF rejected with 400" time="0.008" classname="PrSuiteSecurityTs006RejectPdfOnSeparate"/>
    <testcase name="TS-006: detail mentions audio/format" time="0.008" classname="PrSuiteSecurityTs006RejectPdfOnSeparate"/>
  </testsuite>
  <testsuite name="PR Suite / Security / TS-006: Reject PDF on /analyze/deep" id="5de28ab0-d115-45ff-933c-d1ab3e8c6c0e" timestamp="2026-05-19T22:21:56.464Z" tests="1" failures="0" errors="0" time="0.009">
    <testcase name="TS-006: PDF rejected on /analyze/deep" time="0.009" classname="PrSuiteSecurityTs006RejectPdfOnAnalyzeDeep"/>
  </testsuite>
  <testsuite name="PR Suite / Security / TS-006: Reject EXE" id="455e3746-aa92-4116-b200-43574f7dfcae" timestamp="2026-05-19T22:21:56.464Z" tests="1" failures="0" errors="0" time="0.008">
    <testcase name="TS-006: EXE rejected with 400" time="0.008" classname="PrSuiteSecurityTs006RejectExe"/>
  </testsuite>
  <testsuite name="PR Suite / Security / TS-006: Reject Spoofed .wav" id="9a5b9ad2-c2e9-4722-b4bd-3d719b3f15c7" timestamp="2026-05-19T22:21:56.464Z" tests="1" failures="0" errors="0" time="0.005">
    <testcase name="TS-006: spoofed .wav rejected (magic-byte sniff catches it)" time="0.005" classname="PrSuiteSecurityTs006RejectSpoofedWav"/>
  </testsuite>
  <testsuite name="PR Suite / Security / TS-007: Reject Oversized Upload" id="3fb21721-e251-4c51-a39e-6a2fb57122be" timestamp="2026-05-19T22:21:56.464Z" tests="2" failures="2" errors="0" time="1.734">
    <testcase name="TS-007: oversized rejected with 413" time="1.734" classname="PrSuiteSecurityTs007RejectOversizedUpload">
      <failure type="AssertionFailure" message="expected response to have status code 413 but got 400">
        <![CDATA[Failed 1 times.]]>
        <![CDATA[Collection JSON ID: aurialis-backend-e2e.]]>
        <![CDATA[Collection name: Aurialis Backend E2E.]]>
        <![CDATA[Request name: PR Suite / Security / TS-007: Reject Oversized Upload.]]>
        <![CDATA[Test description: TS-007: oversized rejected with 413.]]>
        <![CDATA[Error message: expected response to have status code 413 but got 400.]]>
        <![CDATA[Stacktrace: AssertionError: expected response to have status code 413 but got 400
   at Object.eval sandbox-script.js:1:19).]]>
      </failure>
    </testcase>
    <testcase name="TS-007: detail mentions size limit" time="1.734" classname="PrSuiteSecurityTs007RejectOversizedUpload">
      <failure type="AssertionFailure" message="expected 'unsupported audio format — magic byte…' to match /limit|exceed|size|large/">
        <![CDATA[Failed 1 times.]]>
        <![CDATA[Collection JSON ID: aurialis-backend-e2e.]]>
        <![CDATA[Collection name: Aurialis Backend E2E.]]>
        <![CDATA[Request name: PR Suite / Security / TS-007: Reject Oversized Upload.]]>
        <![CDATA[Test description: TS-007: detail mentions size limit.]]>
        <![CDATA[Error message: expected 'unsupported audio format — magic byte…' to match /limit|exceed|size|large/.]]>
        <![CDATA[Stacktrace: AssertionError: expected 'unsupported audio format — magic byte…' to match /limit|exceed|size|large/
   at Object.eval sandbox-script.js:2:19).]]>
      </failure>
    </testcase>
  </testsuite>
  <testsuite name="PR Suite / Security / TS-009: Reject Invalid Model" id="73b51a2a-52f9-4ade-a994-f18c05edc5d5" timestamp="2026-05-19T22:21:56.464Z" tests="2" failures="0" errors="0" time="0.013">
    <testcase name="TS-009: BOGUS model rejected with 400" time="0.013" classname="PrSuiteSecurityTs009RejectInvalidModel"/>
    <testcase name="TS-009: detail mentions valid models" time="0.013" classname="PrSuiteSecurityTs009RejectInvalidModel"/>
  </testsuite>
  <testsuite name="PR Suite / Security / TS-009: Reject Invalid Profile" id="9c597591-f290-4ca2-89d0-78d4d66b572c" timestamp="2026-05-19T22:21:56.464Z" tests="2" failures="0" errors="0" time="0.009">
    <testcase name="TS-009: BOGUS profile rejected with 400" time="0.009" classname="PrSuiteSecurityTs009RejectInvalidProfile"/>
    <testcase name="TS-009: detail mentions valid profiles" time="0.009" classname="PrSuiteSecurityTs009RejectInvalidProfile"/>
  </testsuite>
  <testsuite name="PR Suite / Security / TS-009: Filename Header Injection Defense" id="2793ad6a-723b-4c25-9ced-1a541ce981e3" timestamp="2026-05-19T22:21:56.464Z" tests="3" failures="0" errors="0" time="0.016">
    <testcase name="TS-009: response is &lt; 500 (no server crash on bad filename)" time="0.016" classname="PrSuiteSecurityTs009FilenameHeaderInjectionDefense"/>
    <testcase name="TS-009: X-Injected header is NOT present in response" time="0.016" classname="PrSuiteSecurityTs009FilenameHeaderInjectionDefense"/>
    <testcase name="TS-009: response body does not echo raw CRLF from filename" time="0.016" classname="PrSuiteSecurityTs009FilenameHeaderInjectionDefense"/>
  </testsuite>
  <testsuite name="PR Suite / Security / TS-011: CORS Preflight (Disallowed Origin)" id="755307f9-1f71-4d3f-b361-24306f25a8d7" timestamp="2026-05-19T22:21:56.464Z" tests="1" failures="0" errors="0" time="0.053">
    <testcase name="TS-011: disallowed origin gets no allow-origin header" time="0.053" classname="PrSuiteSecurityTs011CorsPreflightDisallowedOrigin"/>
  </testsuite>
  <testsuite name="PR Suite / Security / TS-011: CORS Preflight (Allowed Origin)" id="ecf30ca0-4cfb-4e97-8b00-c6764629e97a" timestamp="2026-05-19T22:21:56.464Z" tests="1" failures="0" errors="0" time="0.005">
    <testcase name="TS-011: allowed origin echoes back" time="0.005" classname="PrSuiteSecurityTs011CorsPreflightAllowedOrigin"/>
  </testsuite>
</testsuites>